<?xml version="1.0" encoding="UTF-8"?>
<testsuite name="LoginTests" tests="2" skipped="0" failures="0" errors="0" timestamp="2022-10-12T14:29:04" hostname="DESKTOP-KF54E9L" time="33.729">
  <properties/>
  <testcase name="loginSuccess" classname="LoginTests" time="21.53"/>
  <testcase name="loginWrongEmail" classname="LoginTests" time="4.295"/>
  <system-out><![CDATA[17:29:00.066 INFO  TestBase - Starts method: loginSuccess
17:29:04.333 INFO  TestBase - Test starts with user details:-> olamarchen@gmail.com, olacola06
17:29:25.862 INFO  TestBase - Test passed
17:29:25.864 INFO  TestBase - Method loginSuccess: finished
17:29:25.923 INFO  TestBase - Starts method: loginWrongEmail
17:29:33.767 INFO  TestBase - Test starts with user details:-> olamarchen@gmailcom, olacola06
Recieved error message:-> ??????? ? ????? ??????? ??????????? ????? ?? ??????????
17:29:38.063 INFO  TestBase - Method loginWrongEmail: finished
]]></system-out>
  <system-err><![CDATA[]]></system-err>
</testsuite>
