<?xml version="1.0" encoding="UTF-8"?>
<testsuite name="ChangeAvatarTests" tests="1" skipped="0" failures="0" errors="0" timestamp="2022-10-12T14:28:35" hostname="DESKTOP-KF54E9L" time="24.809">
  <properties/>
  <testcase name="changeAvatarSuccess" classname="ChangeAvatarTests" time="24.809"/>
  <system-out><![CDATA[17:28:07.716 INFO  TestBase - Starts method: changeAvatarSuccess
17:28:35.217 INFO  TestBase - Test starts with user details:-> Email: olamarchen@gmail.com, Password: olacola06
[CDwindow-CE6C0E8FBAC5F2CC4FCA8ED4F0E3663A, CDwindow-74AE52DB27327FEC73976D7B2E69784B]
17:29:00.062 INFO  TestBase - Method changeAvatarSuccess: finished
]]></system-out>
  <system-err><![CDATA[]]></system-err>
</testsuite>
