<?xml version="1.0" encoding="UTF-8"?>
<testsuite name="BoardCreateTests" tests="5" skipped="0" failures="0" errors="0" timestamp="2022-10-22T16:10:43" hostname="ARTEMKA" time="56.926">
  <properties/>
  <testcase name="boardCreation" classname="BoardCreateTests" time="32.194"/>
  <testcase name="createBoard[0](Orange)" classname="BoardCreateTests" time="6.15"/>
  <testcase name="createBoard[1](Green)" classname="BoardCreateTests" time="6.16"/>
  <testcase name="createBoard[2](Purple)" classname="BoardCreateTests" time="6.199"/>
  <testcase name="createBoard[3](Blue)" classname="BoardCreateTests" time="6.199"/>
  <system-out><![CDATA[19:10:43.441 INFO  TestBase - Starts method: boardCreation
Total amount of boards =  0
Total boards created = 0
19:11:12.570 INFO  TestBase - Creates board with background color ->>Blue
board name is - Blue4
Total amount of boards =  1
19:11:15.641 INFO  TestBase - Method boardCreation: finished
19:11:15.648 INFO  TestBase - Starts method: createBoard
Total boards created = 1
Total amount of boards =  1
19:11:18.905 INFO  TestBase - Creates board with background color ->>Orange
board name is - Orange2
Total amount of boards =  2
19:11:21.800 INFO  TestBase - Method createBoard: finished
19:11:21.805 INFO  TestBase - Starts method: createBoard
Total boards created = 2
Total amount of boards =  2
19:11:25.061 INFO  TestBase - Creates board with background color ->>Green
board name is - Green7
Total amount of boards =  3
19:11:27.966 INFO  TestBase - Method createBoard: finished
19:11:27.967 INFO  TestBase - Starts method: createBoard
Total boards created = 3
Total amount of boards =  3
19:11:31.236 INFO  TestBase - Creates board with background color ->>Purple
board name is - Purple5
Total amount of boards =  4
19:11:34.167 INFO  TestBase - Method createBoard: finished
19:11:34.168 INFO  TestBase - Starts method: createBoard
Total boards created = 4
Total amount of boards =  4
19:11:37.413 INFO  TestBase - Creates board with background color ->>Blue
board name is - Blue4
Total amount of boards =  5
19:11:40.369 INFO  TestBase - Method createBoard: finished
]]></system-out>
  <system-err><![CDATA[]]></system-err>
</testsuite>
